<?xml version="1.0" encoding="UTF-8"?>
<!-- Generated by org.testng.reporters.JUnitReportReporter -->
<testsuite hostname="DESKTOP-M21MMPB" failures="0" tests="2" name="com.api.test.TestClass" time="1.398" errors="0" timestamp="2023-05-22T21:55:01 EDT" skipped="0">
  <testcase classname="com.api.test.TestClass" name="SingleUser" time="0.119"/>
  <system-out/>
  <testcase classname="com.api.test.TestClass" name="ListUsers" time="1.279"/>
  <system-out/>
</testsuite> <!-- com.api.test.TestClass -->
