<?xml version="1.0" encoding="UTF-8"?>
<!-- Generated by org.testng.reporters.JUnitReportReporter -->
<testsuite hostname="DESKTOP-M21MMPB" failures="0" tests="1" name="com.api.test.TestClass" time="1.377" errors="0" timestamp="2023-05-22T19:59:14 EDT" skipped="0">
  <testcase classname="com.api.test.TestClass" name="SingleUser" time="1.377"/>
  <system-out/>
</testsuite> <!-- com.api.test.TestClass -->
